<?xml version="1.0" encoding="UTF-8"?>
<!-- Generated by org.testng.reporters.JUnitXMLReporter -->
<testsuite hostname="DESKTOP-NAV9BG8" name="Default test" tests="2" failures="0" timestamp="10 Dec 2017 06:47:57 GMT" time="0.054" errors="0">
  <testcase name="@BeforeTest invoke" time="0.0" classname="training.ParallelWithGridRunLeafOrgApp">
    <failure type="org.testng.TestNGException" message="
Parameter &amp;apos;device&amp;apos; is required by @Configuration on method invoke but has not been marked @Optional or defined
in C:\Users\Vinoth Vasu\AppData\Local\Temp\testng-eclipse-48164488\testng-customsuite.xml">
      <![CDATA[org.testng.TestNGException: 
Parameter 'device' is required by @Configuration on method invoke but has not been marked @Optional or defined
in C:\Users\Vinoth Vasu\AppData\Local\Temp\testng-eclipse-48164488\testng-customsuite.xml
	at org.testng.internal.Parameters.createParameters(Parameters.java:154)
	at org.testng.internal.Parameters.createParameters(Parameters.java:361)
	at org.testng.internal.Parameters.createConfigurationParameters(Parameters.java:84)
	at org.testng.internal.Invoker.invokeConfigurations(Invoker.java:201)
	at org.testng.internal.Invoker.invokeConfigurations(Invoker.java:142)
	at org.testng.TestRunner.beforeRun(TestRunner.java:656)
	at org.testng.TestRunner.run(TestRunner.java:624)
	at org.testng.SuiteRunner.runTest(SuiteRunner.java:366)
	at org.testng.SuiteRunner.runSequentially(SuiteRunner.java:361)
	at org.testng.SuiteRunner.privateRun(SuiteRunner.java:319)
	at org.testng.SuiteRunner.run(SuiteRunner.java:268)
	at org.testng.SuiteRunnerWorker.runSuite(SuiteRunnerWorker.java:52)
	at org.testng.SuiteRunnerWorker.run(SuiteRunnerWorker.java:86)
	at org.testng.TestNG.runSuitesSequentially(TestNG.java:1244)
	at org.testng.TestNG.runSuitesLocally(TestNG.java:1169)
	at org.testng.TestNG.run(TestNG.java:1064)
	at org.testng.remote.AbstractRemoteTestNG.run(AbstractRemoteTestNG.java:114)
	at org.testng.remote.RemoteTestNG.initAndRun(RemoteTestNG.java:251)
	at org.testng.remote.RemoteTestNG.main(RemoteTestNG.java:77)
]]>
    </failure>
  </testcase> <!-- @BeforeTest invoke -->
  <testcase name="update" time="0.013" classname="training.ParallelWithGridRunLeafOrgApp">
    <skipped/>
  </testcase> <!-- update -->
  <testcase name="close" time="0.001" classname="training.ParallelWithGridRunLeafOrgApp">
    <skipped/>
  </testcase> <!-- close -->
</testsuite> <!-- Default test -->
