<?xml version="1.0" encoding="UTF-8"?>
<testng-results skipped="0" failed="0" ignored="0" total="1" passed="1">
  <reporter-output>
  </reporter-output>
  <suite name="Default suite" duration-ms="5169" started-at="2018-07-22T04:10:06Z" finished-at="2018-07-22T04:10:12Z">
    <groups>
    </groups>
    <test name="Default test" duration-ms="5169" started-at="2018-07-22T04:10:06Z" finished-at="2018-07-22T04:10:12Z">
      <class name="slack.PostMessage">
        <test-method status="PASS" signature="postChat()[pri:0, instance:slack.PostMessage@26653222]" name="postChat" duration-ms="5117" started-at="2018-07-22T04:10:06Z" finished-at="2018-07-22T04:10:12Z">
          <reporter-output>
          </reporter-output>
        </test-method> <!-- postChat -->
      </class> <!-- slack.PostMessage -->
    </test> <!-- Default test -->
  </suite> <!-- Default suite -->
</testng-results>
